[INFO] Scanning for projects...
[INFO] 
[INFO] ------------------------< sistema:atendimento >-------------------------
[INFO] Building atendimento 0.0.1-SNAPSHOT
[INFO]   from pom.xml
[INFO] --------------------------------[ jar ]---------------------------------
[INFO] 
[INFO] >>> spring-boot:3.5.14:run (default-cli) > test-compile @ atendimento >>>
[INFO] 
[INFO] --- resources:3.3.1:resources (default-resources) @ atendimento ---
[INFO] Copying 2 resources from src\main\resources to target\classes
[INFO] Copying 0 resource from src\main\resources to target\classes
[INFO] 
[INFO] --- compiler:3.14.1:compile (default-compile) @ atendimento ---
[INFO] Nothing to compile - all classes are up to date.
[INFO] 
[INFO] --- resources:3.3.1:testResources (default-testResources) @ atendimento ---
[INFO] Copying 1 resource from src\test\resources to target\test-classes
[INFO] 
[INFO] --- compiler:3.14.1:testCompile (default-testCompile) @ atendimento ---
[INFO] Nothing to compile - all classes are up to date.
[INFO] 
[INFO] <<< spring-boot:3.5.14:run (default-cli) < test-compile @ atendimento <<<
[INFO] 
[INFO] 
[INFO] --- spring-boot:3.5.14:run (default-cli) @ atendimento ---
[INFO] Attaching agents: []

  .   ____          _            __ _ _
 /\\ / ___'_ __ _ _(_)_ __  __ _ \ \ \ \
( ( )\___ | '_ | '_| | '_ \/ _` | \ \ \ \
 \\/  ___)| |_)| | | | | || (_| |  ) ) ) )
  '  |____| .__|_| |_|_| |_\__, | / / / /
 =========|_|==============|___/=/_/_/_/

 :: Spring Boot ::               (v3.5.14)

2026-05-30T18:42:44.587-03:00  INFO 8740 --- [           main] s.atendimento.AtendimentoApplication     : Starting AtendimentoApplication using Java 17.0.12 with PID 8740 (C:\Users\andre\OneDrive\Área de Trabalho\Sass\atendimento\target\classes started by andre in C:\Users\andre\OneDrive\Área de Trabalho\Sass\atendimento)
2026-05-30T18:42:44.590-03:00  INFO 8740 --- [           main] s.atendimento.AtendimentoApplication     : No active profile set, falling back to 1 default profile: "default"
2026-05-30T18:42:45.059-03:00  INFO 8740 --- [           main] .s.d.r.c.RepositoryConfigurationDelegate : Bootstrapping Spring Data JPA repositories in DEFAULT mode.
2026-05-30T18:42:45.115-03:00  INFO 8740 --- [           main] .s.d.r.c.RepositoryConfigurationDelegate : Finished Spring Data repository scanning in 45 ms. Found 3 JPA repository interfaces.
2026-05-30T18:42:45.774-03:00  INFO 8740 --- [           main] o.s.b.w.embedded.tomcat.TomcatWebServer  : Tomcat initialized with port 8080 (http)
2026-05-30T18:42:45.786-03:00  INFO 8740 --- [           main] o.apache.catalina.core.StandardService   : Starting service [Tomcat]
2026-05-30T18:42:45.788-03:00  INFO 8740 --- [           main] o.apache.catalina.core.StandardEngine    : Starting Servlet engine: [Apache Tomcat/10.1.54]
2026-05-30T18:42:45.847-03:00  INFO 8740 --- [           main] o.a.c.c.C.[Tomcat].[localhost].[/]       : Initializing Spring embedded WebApplicationContext
2026-05-30T18:42:45.848-03:00  INFO 8740 --- [           main] w.s.c.ServletWebServerApplicationContext : Root WebApplicationContext: initialization completed in 1205 ms
2026-05-30T18:42:46.007-03:00  INFO 8740 --- [           main] o.hibernate.jpa.internal.util.LogHelper  : HHH000204: Processing PersistenceUnitInfo [name: default]
2026-05-30T18:42:46.059-03:00  INFO 8740 --- [           main] org.hibernate.Version                    : HHH000412: Hibernate ORM core version 6.6.49.Final
2026-05-30T18:42:46.091-03:00  INFO 8740 --- [           main] o.h.c.internal.RegionFactoryInitiator    : HHH000026: Second-level cache disabled
2026-05-30T18:42:46.358-03:00  INFO 8740 --- [           main] o.s.o.j.p.SpringPersistenceUnitInfo      : No LoadTimeWeaver setup: ignoring JPA class transformer
2026-05-30T18:42:46.387-03:00  INFO 8740 --- [           main] com.zaxxer.hikari.HikariDataSource       : HikariPool-1 - Starting...
2026-05-30T18:42:46.615-03:00  INFO 8740 --- [           main] com.zaxxer.hikari.pool.HikariPool        : HikariPool-1 - Added connection conn0: url=jdbc:h2:file:./data/atendimento user=SA
2026-05-30T18:42:46.618-03:00  INFO 8740 --- [           main] com.zaxxer.hikari.HikariDataSource       : HikariPool-1 - Start completed.
2026-05-30T18:42:46.673-03:00  INFO 8740 --- [           main] org.hibernate.orm.connections.pooling    : HHH10001005: Database info:
	Database JDBC URL [Connecting through datasource 'HikariDataSource (HikariPool-1)']
	Database driver: undefined/unknown
	Database version: 2.3.232
	Autocommit mode: undefined/unknown
	Isolation level: undefined/unknown
	Minimum pool size: undefined/unknown
	Maximum pool size: undefined/unknown
2026-05-30T18:42:47.585-03:00  INFO 8740 --- [           main] o.h.e.t.j.p.i.JtaPlatformInitiator       : HHH000489: No JTA platform available (set 'hibernate.transaction.jta.platform' to enable JTA platform integration)
2026-05-30T18:42:47.656-03:00  INFO 8740 --- [           main] j.LocalContainerEntityManagerFactoryBean : Initialized JPA EntityManagerFactory for persistence unit 'default'
2026-05-30T18:42:48.234-03:00  INFO 8740 --- [           main] o.s.b.a.h2.H2ConsoleAutoConfiguration    : H2 console available at '/h2-console'. Database available at 'jdbc:h2:file:./data/atendimento'
2026-05-30T18:42:48.315-03:00  INFO 8740 --- [           main] o.s.b.w.embedded.tomcat.TomcatWebServer  : Tomcat started on port 8080 (http) with context path '/'
2026-05-30T18:42:48.324-03:00  INFO 8740 --- [           main] s.atendimento.AtendimentoApplication     : Started AtendimentoApplication in 4.196 seconds (process running for 4.535)
2026-05-30T18:42:51.246-03:00  INFO 8740 --- [nio-8080-exec-1] o.a.c.c.C.[Tomcat].[localhost].[/]       : Initializing Spring DispatcherServlet 'dispatcherServlet'
2026-05-30T18:42:51.247-03:00  INFO 8740 --- [nio-8080-exec-1] o.s.web.servlet.DispatcherServlet        : Initializing Servlet 'dispatcherServlet'
2026-05-30T18:42:51.248-03:00  INFO 8740 --- [nio-8080-exec-1] o.s.web.servlet.DispatcherServlet        : Completed initialization in 0 ms
